/cmd/kubectl-kcp/cmd/kubectlKcp.go:59:2: function "InitFlags" should not be used, convert to contextual logging
/cmd/kubectl-workspace/main.go:44:2: function "InitFlags" should not be used, convert to contextual logging
/cmd/sharded-test-server/shard.go:34:2: function "Infof" should not be used, convert to contextual logging
/cmd/sharded-test-server/shard.go:43:2: function "Infof" should not be used, convert to contextual logging
/cmd/sharded-test-server/third_party/library-go/crypto/crypto.go:616:2: function "Infof" should not be used, convert to contextual logging
/cmd/sharded-test-server/third_party/library-go/crypto/crypto.go:616:2: function "V" should not be used, convert to contextual logging
/cmd/sharded-test-server/third_party/library-go/crypto/crypto.go:732:3: function "Infof" should not be used, convert to contextual logging
/cmd/sharded-test-server/third_party/library-go/crypto/crypto.go:732:3: function "V" should not be used, convert to contextual logging
/cmd/sharded-test-server/third_party/library-go/crypto/crypto.go:740:2: function "Infof" should not be used, convert to contextual logging
/cmd/sharded-test-server/third_party/library-go/crypto/crypto.go:740:2: function "V" should not be used, convert to contextual logging
/cmd/sharded-test-server/third_party/library-go/crypto/crypto.go:809:2: function "Infof" should not be used, convert to contextual logging
/cmd/sharded-test-server/third_party/library-go/crypto/crypto.go:809:2: function "V" should not be used, convert to contextual logging
/config/helpers/bootstrap.go:202:4: function "Infof" should not be used, convert to contextual logging
/config/helpers/bootstrap.go:202:4: function "V" should not be used, convert to contextual logging
/config/helpers/bootstrap.go:221:5: function "Infof" should not be used, convert to contextual logging
/config/helpers/bootstrap.go:234:5: function "Infof" should not be used, convert to contextual logging
/config/helpers/bootstrap.go:241:2: function "Infof" should not be used, convert to contextual logging
/config/helpers/bootstrap.go:264:4: function "Infof" should not be used, convert to contextual logging
/config/helpers/bootstrap.go:264:4: function "V" should not be used, convert to contextual logging
/config/helpers/bootstrap.go:275:3: function "Infof" should not be used, convert to contextual logging
/config/helpers/bootstrap.go:275:3: function "V" should not be used, convert to contextual logging
/config/helpers/bootstrap.go:94:4: function "Infof" should not be used, convert to contextual logging
/pkg/admission/kubequota/kubequota_admission.go:217:3: function "InfoS" should not be used, convert to contextual logging
/pkg/admission/kubequota/kubequota_admission.go:217:3: function "V" should not be used, convert to contextual logging
/pkg/admission/kubequota/kubequota_admission.go:221:2: function "InfoS" should not be used, convert to contextual logging
/pkg/admission/kubequota/kubequota_admission.go:221:2: function "V" should not be used, convert to contextual logging
/pkg/admission/kubequota/kubequota_clusterworkspace_monitor.go:76:2: function "Infof" should not be used, convert to contextual logging
/pkg/admission/kubequota/kubequota_clusterworkspace_monitor.go:77:8: function "Infof" should not be used, convert to contextual logging
/pkg/admission/webhook/generic_webhook.go:121:3: function "Infof" should not be used, convert to contextual logging
/pkg/admission/webhook/generic_webhook.go:121:3: function "V" should not be used, convert to contextual logging
/pkg/admission/webhook/generic_webhook.go:125:3: function "Infof" should not be used, convert to contextual logging
/pkg/admission/webhook/generic_webhook.go:125:3: function "V" should not be used, convert to contextual logging
/pkg/admission/webhook/generic_webhook.go:142:5: function "Errorf" should not be used, convert to contextual logging
/pkg/admission/webhook/generic_webhook.go:172:4: function "Errorf" should not be used, convert to contextual logging
/pkg/authorization/delegated/authorizer.go:45:3: function "Errorf" should not be used, convert to contextual logging
/pkg/cliplugins/workload/plugin/sync.go:591:4: function "Infof" should not be used, convert to contextual logging
/pkg/cliplugins/workload/plugin/sync.go:591:4: function "V" should not be used, convert to contextual logging
/pkg/dns/plugin/nsmap/namespace.go:68:2: function "Info" should not be used, convert to contextual logging
/pkg/dns/plugin/nsmap/namespace.go:68:2: function "V" should not be used, convert to contextual logging
/pkg/embeddedetcd/server.go:44:2: function "Info" should not be used, convert to contextual logging
/pkg/informer/informer.go:157:4: function "InfoS" should not be used, convert to contextual logging
/pkg/informer/informer.go:157:4: function "V" should not be used, convert to contextual logging
/pkg/informer/informer.go:159:4: function "InfoS" should not be used, convert to contextual logging
/pkg/informer/informer.go:159:4: function "V" should not be used, convert to contextual logging
/pkg/informer/informer.go:246:2: function "Infof" should not be used, convert to contextual logging
/pkg/informer/informer.go:246:2: function "V" should not be used, convert to contextual logging
/pkg/informer/informer.go:382:3: function "Errorf" should not be used, convert to contextual logging
/pkg/informer/informer.go:393:3: function "InfoS" should not be used, convert to contextual logging
/pkg/informer/informer.go:393:3: function "V" should not be used, convert to contextual logging
/pkg/informer/informer.go:400:3: function "InfoS" should not be used, convert to contextual logging
/pkg/informer/informer.go:400:3: function "V" should not be used, convert to contextual logging
/pkg/informer/informer.go:439:2: function "InfoS" should not be used, convert to contextual logging
/pkg/informer/informer.go:439:2: function "V" should not be used, convert to contextual logging
/pkg/informer/informer.go:470:3: function "InfoS" should not be used, convert to contextual logging
/pkg/informer/informer.go:470:3: function "V" should not be used, convert to contextual logging
/pkg/informer/informer.go:482:3: function "InfoS" should not be used, convert to contextual logging
/pkg/informer/informer.go:482:3: function "V" should not be used, convert to contextual logging
/pkg/informer/informer.go:505:3: function "Infof" should not be used, convert to contextual logging
/pkg/informer/informer.go:505:3: function "V" should not be used, convert to contextual logging
/pkg/informer/informer.go:509:4: function "Infof" should not be used, convert to contextual logging
/pkg/informer/informer.go:509:4: function "V" should not be used, convert to contextual logging
/pkg/informer/informer.go:513:3: function "Infof" should not be used, convert to contextual logging
/pkg/informer/informer.go:513:3: function "V" should not be used, convert to contextual logging
/pkg/informer/informer.go:525:3: function "InfoS" should not be used, convert to contextual logging
/pkg/informer/informer.go:525:3: function "V" should not be used, convert to contextual logging
/pkg/informer/informer.go:528:4: function "InfoS" should not be used, convert to contextual logging
/pkg/informer/informer.go:528:4: function "V" should not be used, convert to contextual logging
/pkg/informer/informer.go:530:4: function "InfoS" should not be used, convert to contextual logging
/pkg/informer/informer.go:530:4: function "V" should not be used, convert to contextual logging
/pkg/logging/constants.go:100:9: Additional arguments to WithValues should always be Key Value pairs. Please check if there is any key or value missing.
/pkg/logging/constants.go:52:9: Key positional arguments are expected to be inlined constant strings. Please replace ReconcilerKey provided with string value.
/pkg/logging/constants.go:57:9: Key positional arguments are expected to be inlined constant strings. Please replace QueueKeyKey provided with string value.
/pkg/logging/constants.go:67:9: Additional arguments to WithValues should always be Key Value pairs. Please check if there is any key or value missing.
/pkg/reconciler/apis/apiresource/controller.go:229:4: function "Errorf" should not be used, convert to contextual logging
/pkg/reconciler/apis/apiresource/startup.go:51:3: function "Warningf" should not be used, convert to contextual logging
/pkg/reconciler/apis/permissionclaimlabel/permissionclaimlabel_resource_reconcile.go:67:4: function "Info" should not be used, convert to contextual logging
/pkg/reconciler/apis/permissionclaimlabel/permissionclaimlabel_resource_reconcile.go:67:4: function "V" should not be used, convert to contextual logging
/pkg/reconciler/tenancy/clusterworkspace/clusterworkspace_reconcile_metadata.go:70:5: Key positional arguments are expected to be inlined constant strings. Please replace &{tenancyv1alpha1 ExperimentalClusterWorkspaceOwnerAnnotationKey} provided with string value.
/pkg/reconciler/workload/resource/resource_controller.go:403:32: function "Enabled" should not be used, convert to contextual logging
/pkg/reconciler/workload/resource/resource_controller.go:403:32: function "V" should not be used, convert to contextual logging
/pkg/reconciler/workload/resource/resource_controller.go:403:8: function "Enabled" should not be used, convert to contextual logging
/pkg/reconciler/workload/resource/resource_controller.go:403:8: function "V" should not be used, convert to contextual logging
/pkg/reconciler/workload/synctargetexports/synctargetexports_controller.go:165:2: function "Infof" should not be used, convert to contextual logging
/pkg/reconciler/workload/synctargetexports/synctargetexports_controller.go:165:2: function "V" should not be used, convert to contextual logging
/pkg/reconciler/workload/synctargetexports/synctargetexports_controller.go:179:2: function "Infof" should not be used, convert to contextual logging
/pkg/reconciler/workload/synctargetexports/synctargetexports_controller.go:179:2: function "V" should not be used, convert to contextual logging
/pkg/reconciler/workload/synctargetexports/synctargetexports_controller.go:225:2: function "InfoS" should not be used, convert to contextual logging
/pkg/reconciler/workload/synctargetexports/synctargetexports_controller.go:226:8: function "InfoS" should not be used, convert to contextual logging
/pkg/reconciler/workload/synctargetexports/synctargetexports_controller.go:267:3: function "Errorf" should not be used, convert to contextual logging
/pkg/reconciler/workload/synctargetexports/synctargetexports_controller.go:271:2: function "Infof" should not be used, convert to contextual logging
/pkg/reconciler/workload/synctargetexports/synctargetexports_controller.go:326:3: function "Errorf" should not be used, convert to contextual logging
/pkg/reconciler/workload/synctargetexports/synctargetexports_controller.go:331:2: function "Infof" should not be used, convert to contextual logging
/pkg/reconciler/workload/synctargetexports/synctargetexports_controller.go:331:2: function "V" should not be used, convert to contextual logging
/pkg/reconciler/workload/synctargetexports/synctargetexports_controller.go:333:3: function "Errorf" should not be used, convert to contextual logging
/pkg/reconciler/workload/synctargetexports/synctargetexports_reconcile.go:58:5: function "Warningf" should not be used, convert to contextual logging
/pkg/server/controllers.go:1053:4: function "Errorf" should not be used, convert to contextual logging
/pkg/server/home_workspaces.go:352:5: Additional arguments to WithValues should always be Key Value pairs. Please check if there is any key or value missing.
/pkg/server/home_workspaces.go:638:6: Additional arguments to WithValues should always be Key Value pairs. Please check if there is any key or value missing.
/pkg/server/options/controllers.go:54:3: function "Fatal" should not be used, convert to contextual logging
/pkg/syncer/namespace/namespace_downstream_process.go:44:11: Key positional arguments are expected to be inlined constant strings. Please replace DownstreamNamespace provided with string value.
/pkg/syncer/namespace/namespace_downstream_process.go:83:11: Key positional arguments are expected to be inlined constant strings. Please replace &{logging NamespaceKey} provided with string value.
/pkg/syncer/namespace/namespace_downstream_process.go:83:11: Key positional arguments are expected to be inlined constant strings. Please replace &{logging WorkspaceKey} provided with string value.
/pkg/syncer/namespace/namespace_upstream_process.go:41:11: Key positional arguments are expected to be inlined constant strings. Please replace &{logging NameKey} provided with string value.
/pkg/syncer/namespace/namespace_upstream_process.go:41:11: Key positional arguments are expected to be inlined constant strings. Please replace &{logging WorkspaceKey} provided with string value.
/pkg/syncer/namespace/namespace_upstream_process.go:79:11: Key positional arguments are expected to be inlined constant strings. Please replace DownstreamNamespace provided with string value.
/pkg/syncer/spec/spec_controller.go:145:16: Key positional arguments are expected to be inlined constant strings. Please replace DownstreamName provided with string value.
/pkg/syncer/spec/spec_controller.go:145:16: Key positional arguments are expected to be inlined constant strings. Please replace DownstreamNamespace provided with string value.
/pkg/syncer/spec/spec_process.go:117:11: Key positional arguments are expected to be inlined constant strings. Please replace &{logging NameKey} provided with string value.
/pkg/syncer/spec/spec_process.go:117:11: Key positional arguments are expected to be inlined constant strings. Please replace &{logging NamespaceKey} provided with string value.
/pkg/syncer/spec/spec_process.go:117:11: Key positional arguments are expected to be inlined constant strings. Please replace &{logging WorkspaceKey} provided with string value.
/pkg/syncer/spec/spec_process.go:135:4: Key positional arguments are expected to be inlined constant strings. Please replace DownstreamName provided with string value.
/pkg/syncer/spec/spec_process.go:153:11: Key positional arguments are expected to be inlined constant strings. Please replace DownstreamNamespace provided with string value.
/pkg/syncer/spec/spec_process.go:358:11: Key positional arguments are expected to be inlined constant strings. Please replace DownstreamName provided with string value.
/pkg/syncer/status/status_process.go:137:11: Key positional arguments are expected to be inlined constant strings. Please replace &{logging NameKey} provided with string value.
/pkg/syncer/status/status_process.go:137:11: Key positional arguments are expected to be inlined constant strings. Please replace &{logging NamespaceKey} provided with string value.
/pkg/syncer/status/status_process.go:137:11: Key positional arguments are expected to be inlined constant strings. Please replace &{logging WorkspaceKey} provided with string value.
/pkg/syncer/status/status_process.go:67:11: Key positional arguments are expected to be inlined constant strings. Please replace DownstreamName provided with string value.
/pkg/syncer/status/status_process.go:67:11: Key positional arguments are expected to be inlined constant strings. Please replace DownstreamNamespace provided with string value.
/pkg/syncer/syncer.go:168:11: Key positional arguments are expected to be inlined constant strings. Please replace SyncTargetKey provided with string value.
/pkg/syncer/syncer.go:80:11: Key positional arguments are expected to be inlined constant strings. Please replace SyncTargetName provided with string value.
/pkg/syncer/syncer.go:80:11: Key positional arguments are expected to be inlined constant strings. Please replace SyncTargetWorkspace provided with string value.
/pkg/tunneler/dialer.go:148:8: function "Infof" should not be used, convert to contextual logging
/pkg/tunneler/dialer.go:148:8: function "V" should not be used, convert to contextual logging
/pkg/tunneler/listener.go:157:3: function "Infof" should not be used, convert to contextual logging
/pkg/tunneler/listener.go:157:3: function "V" should not be used, convert to contextual logging
/pkg/tunneler/listener.go:161:2: function "Infof" should not be used, convert to contextual logging
/pkg/tunneler/listener.go:161:2: function "V" should not be used, convert to contextual logging
/pkg/tunneler/listener.go:164:3: function "Infof" should not be used, convert to contextual logging
/pkg/tunneler/listener.go:164:3: function "V" should not be used, convert to contextual logging
/pkg/tunneler/listener.go:168:3: function "Infof" should not be used, convert to contextual logging
/pkg/tunneler/listener.go:168:3: function "V" should not be used, convert to contextual logging
/pkg/tunneler/listener.go:180:3: function "Infof" should not be used, convert to contextual logging
/pkg/tunneler/listener.go:180:3: function "V" should not be used, convert to contextual logging
/pkg/tunneler/listener.go:211:2: function "Infof" should not be used, convert to contextual logging
/pkg/tunneler/listener.go:211:2: function "V" should not be used, convert to contextual logging
/pkg/tunneler/listener.go:82:4: function "Infof" should not be used, convert to contextual logging
/pkg/tunneler/listener.go:82:4: function "V" should not be used, convert to contextual logging
/pkg/tunneler/tunnel.go:146:3: function "InfoS" should not be used, convert to contextual logging
/pkg/tunneler/tunnel.go:146:3: function "V" should not be used, convert to contextual logging
/pkg/tunneler/tunnel.go:178:5: function "Infof" should not be used, convert to contextual logging
/pkg/tunneler/tunnel.go:178:5: function "V" should not be used, convert to contextual logging
/pkg/tunneler/tunnel.go:182:4: function "Infof" should not be used, convert to contextual logging
/pkg/tunneler/tunnel.go:182:4: function "V" should not be used, convert to contextual logging
/pkg/tunneler/tunnel.go:195:4: function "Infof" should not be used, convert to contextual logging
/pkg/tunneler/tunnel.go:195:4: function "V" should not be used, convert to contextual logging
/pkg/tunneler/tunnel.go:230:4: function "Infof" should not be used, convert to contextual logging
/pkg/tunneler/tunnel.go:230:4: function "V" should not be used, convert to contextual logging
/pkg/virtual/apiexport/builder/build.go:139:7: function "Errorf" should not be used, convert to contextual logging
/pkg/virtual/apiexport/controllers/apireconciler/apiexport_apireconciler_controller.go:155:3: function "Infof" should not be used, convert to contextual logging
/pkg/virtual/apiexport/controllers/apireconciler/apiexport_apireconciler_controller.go:155:3: function "V" should not be used, convert to contextual logging
/pkg/virtual/apiexport/controllers/apireconciler/apiexport_apireconciler_controller.go:161:3: function "Infof" should not be used, convert to contextual logging
/pkg/virtual/apiexport/controllers/apireconciler/apiexport_apireconciler_controller.go:161:3: function "V" should not be used, convert to contextual logging
/pkg/virtual/apiexport/controllers/apireconciler/apiexport_apireconciler_reconcile.go:283:4: function "Infof" should not be used, convert to contextual logging
/pkg/virtual/apiexport/controllers/apireconciler/apiexport_apireconciler_reconcile.go:283:4: function "V" should not be used, convert to contextual logging
/pkg/virtual/framework/dynamic/apiserver/serving_info.go:185:3: function "Infof" should not be used, convert to contextual logging
/pkg/virtual/framework/dynamic/apiserver/serving_info.go:185:3: function "V" should not be used, convert to contextual logging
/pkg/virtual/initializingworkspaces/builder/build.go:203:7: function "Errorf" should not be used, convert to contextual logging
/pkg/virtual/initializingworkspaces/builder/build.go:400:4: function "Info" should not be used, convert to contextual logging
/pkg/virtual/initializingworkspaces/builder/build.go:400:4: function "V" should not be used, convert to contextual logging
/pkg/virtual/syncer/builder/build.go:222:7: function "Errorf" should not be used, convert to contextual logging
/pkg/virtual/syncer/transformations/transformer.go:130:11: Additional arguments to WithValues should always be Key Value pairs. Please check if there is any key or value missing.
/pkg/virtual/syncer/transformations/transformer.go:389:11: Additional arguments to WithValues should always be Key Value pairs. Please check if there is any key or value missing.
/pkg/virtual/syncer/transformations/transformer.go:396:11: Key positional arguments are expected to be inlined constant strings. Please replace SyncTargetKey provided with string value.
/pkg/virtual/syncer/transformations/transformer.go:90:12: Key positional arguments are expected to be inlined constant strings. Please replace SyncTargetName provided with string value.
/pkg/virtual/syncer/transformations/transformer.go:92:11: Additional arguments to WithValues should always be Key Value pairs. Please check if there is any key or value missing.
/pkg/virtual/syncer/transformations/transformer.go:99:11: Key positional arguments are expected to be inlined constant strings. Please replace SyncTargetKey provided with string value.
/pkg/virtual/workspaces/authorization/cache.go:299:4: function "Warning" should not be used, convert to contextual logging
/pkg/virtual/workspaces/authorization/cache.go:459:3: function "ErrorS" should not be used, convert to contextual logging
/pkg/virtual/workspaces/authorization/cache.go:459:3: function "V" should not be used, convert to contextual logging
/pkg/virtual/workspaces/authorization/watch.go:248:5: function "Infof" should not be used, convert to contextual logging
/pkg/virtual/workspaces/authorization/watch.go:248:5: function "V" should not be used, convert to contextual logging
/pkg/virtual/workspaces/builder/build.go:139:9: function "Errorf" should not be used, convert to contextual logging
/pkg/virtual/workspaces/builder/build.go:180:4: function "Errorf" should not be used, convert to contextual logging
/pkg/virtual/workspaces/builder/build.go:185:4: function "Errorf" should not be used, convert to contextual logging
/pkg/virtual/workspaces/builder/build.go:193:4: function "Errorf" should not be used, convert to contextual logging
/pkg/virtual/workspaces/builder/build.go:207:4: function "Errorf" should not be used, convert to contextual logging
/pkg/virtual/workspaces/builder/org_listener.go:114:3: function "Errorf" should not be used, convert to contextual logging
/pkg/virtual/workspaces/builder/org_listener.go:156:2: function "Infof" should not be used, convert to contextual logging
/pkg/virtual/workspaces/builder/org_listener.go:163:3: function "Errorf" should not be used, convert to contextual logging
/pkg/virtual/workspaces/builder/org_listener.go:179:3: function "Errorf" should not be used, convert to contextual logging
/pkg/virtual/workspaces/builder/org_listener.go:194:2: function "Infof" should not be used, convert to contextual logging
/pkg/virtual/workspaces/cache/cache.go:74:4: function "Infof" should not be used, convert to contextual logging
/pkg/virtual/workspaces/cache/cache.go:74:4: function "V" should not be used, convert to contextual logging
/pkg/virtual/workspaces/cache/cache.go:88:3: function "Infof" should not be used, convert to contextual logging
/pkg/virtual/workspaces/cache/cache.go:88:3: function "V" should not be used, convert to contextual logging
/test/e2e/framework/config.go:42:2: function "InitFlags" should not be used, convert to contextual logging
